0 info it worked if it ends with ok
1 verbose cli [ '/usr/local/bin/node',
1 verbose cli   '/usr/local/bin/npm',
1 verbose cli   'i',
1 verbose cli   '-g',
1 verbose cli   'azure-functions-core-tools' ]
2 info using npm@3.10.10
3 info using node@v7.3.0
4 silly loadCurrentTree Starting
5 silly install loadCurrentTree
6 silly install readGlobalPackageData
7 silly fetchPackageMetaData azure-functions-core-tools
8 silly fetchNamedPackageData azure-functions-core-tools
9 silly mapToRegistry name azure-functions-core-tools
10 silly mapToRegistry using default registry
11 silly mapToRegistry registry https://registry.npmjs.org/
12 silly mapToRegistry data Result {
12 silly mapToRegistry   raw: 'azure-functions-core-tools',
12 silly mapToRegistry   scope: null,
12 silly mapToRegistry   escapedName: 'azure-functions-core-tools',
12 silly mapToRegistry   name: 'azure-functions-core-tools',
12 silly mapToRegistry   rawSpec: '',
12 silly mapToRegistry   spec: 'latest',
12 silly mapToRegistry   type: 'tag' }
13 silly mapToRegistry uri https://registry.npmjs.org/azure-functions-core-tools
14 verbose request uri https://registry.npmjs.org/azure-functions-core-tools
15 verbose request no auth needed
16 info attempt registry request try #1 at 8:40:51 PM
17 verbose request id 9e6d23d20b5de32f
18 http request GET https://registry.npmjs.org/azure-functions-core-tools
19 http 200 https://registry.npmjs.org/azure-functions-core-tools
20 verbose headers { server: 'nginx/1.10.3',
20 verbose headers   'content-type': 'application/json',
20 verbose headers   'last-modified': 'Sat, 21 Oct 2017 00:34:19 GMT',
20 verbose headers   etag: 'W/"59ea960b-b5f6"',
20 verbose headers   'content-encoding': 'gzip',
20 verbose headers   'cache-control': 'max-age=300',
20 verbose headers   'content-length': '5872',
20 verbose headers   'accept-ranges': 'bytes',
20 verbose headers   date: 'Thu, 26 Oct 2017 03:40:51 GMT',
20 verbose headers   via: '1.1 varnish',
20 verbose headers   age: '0',
20 verbose headers   connection: 'keep-alive',
20 verbose headers   'x-served-by': 'cache-sjc3651-SJC',
20 verbose headers   'x-cache': 'MISS',
20 verbose headers   'x-cache-hits': '0',
20 verbose headers   'x-timer': 'S1508989251.180848,VS0,VE22',
20 verbose headers   vary: 'Accept-Encoding, Accept' }
21 silly get cb [ 200,
21 silly get   { server: 'nginx/1.10.3',
21 silly get     'content-type': 'application/json',
21 silly get     'last-modified': 'Sat, 21 Oct 2017 00:34:19 GMT',
21 silly get     etag: 'W/"59ea960b-b5f6"',
21 silly get     'content-encoding': 'gzip',
21 silly get     'cache-control': 'max-age=300',
21 silly get     'content-length': '5872',
21 silly get     'accept-ranges': 'bytes',
21 silly get     date: 'Thu, 26 Oct 2017 03:40:51 GMT',
21 silly get     via: '1.1 varnish',
21 silly get     age: '0',
21 silly get     connection: 'keep-alive',
21 silly get     'x-served-by': 'cache-sjc3651-SJC',
21 silly get     'x-cache': 'MISS',
21 silly get     'x-cache-hits': '0',
21 silly get     'x-timer': 'S1508989251.180848,VS0,VE22',
21 silly get     vary: 'Accept-Encoding, Accept' } ]
22 verbose get saving azure-functions-core-tools to /Users/allanpeng/.npm/registry.npmjs.org/azure-functions-core-tools/.cache.json
23 verbose correctMkdir /Users/allanpeng/.npm correctMkdir not in flight; initializing
24 silly install normalizeTree
25 silly loadCurrentTree Finishing
26 silly loadIdealTree Starting
27 silly install loadIdealTree
28 silly cloneCurrentTree Starting
29 silly install cloneCurrentTreeToIdealTree
30 silly cloneCurrentTree Finishing
31 silly loadShrinkwrap Starting
32 silly install loadShrinkwrap
33 silly loadShrinkwrap Finishing
34 silly loadAllDepsIntoIdealTree Starting
35 silly install loadAllDepsIntoIdealTree
36 silly rollbackFailedOptional Starting
37 silly rollbackFailedOptional Finishing
38 silly runTopLevelLifecycles Finishing
39 silly install printInstalled
40 verbose stack Error: Unsupported platform for azure-functions-core-tools@1.0.4: wanted {"name":"azure-functions-core-tools","version":"1.0.4","description":"Azure Functions Core Tools","scripts":{"postinstall":"node lib/install.js"},"author":{"name":"Microsoft"},"license":"MIT","preferGlobal":true,"repository":{"type":"git","url":"git+https://github.com/Azure/azure-functions-cli.git"},"bin":{"func":"lib/main.js","azfun":"lib/main.js","azurefunctions":"lib/main.js"},"os":["win32"],"dependencies":{"chalk":"^2.1.0","command-exists":"^1.2.2","tmp":"^0.0.33","unzipper":"^0.8.9"},"bugs":{"url":"https://github.com/Azure/azure-functions-cli/issues"},"homepage":"https://github.com/Azure/azure-functions-cli#readme","_id":"azure-functions-core-tools@1.0.4","_npmVersion":"5.4.1","_nodeVersion":"6.11.3","_npmUser":{"name":"ahmelsayed","email":"ahmelsayed@outlook.com"},"dist":{"integrity":"sha512-I2MpcThfchxX6o6k8ndDcvY2zTgYO6xs619R+7RWUbYnUsJRqh40VYUjmColsg6yVf5Erqb8kdsrLJ9DF2OyUw==","shasum":"0752a0b5b048f55fd955aa8b40874822b5a4d7cc","tarball":"https://registry.npmjs.org/azure-functions-core-tools/-/azure-functions-core-tools-1.0.4.tgz"},"maintainers":[{"name":"ahmelsayed","email":"ahmelsayed@outlook.com"},{"name":"mattmason03","email":"mamaso@microsoft.com"},{"name":"windowsazure","email":"azuresdk@outlook.com"}],"_npmOperationalInternal":{"host":"s3://npm-registry-packages","tmp":"tmp/azure-functions-core-tools-1.0.4.tgz_1505508135993_0.6824874475132674"},"directories":{},"_from":"azure-functions-core-tools","_resolved":"https://registry.npmjs.org/azure-functions-core-tools/-/azure-functions-core-tools-1.0.4.tgz","_shasum":"0752a0b5b048f55fd955aa8b40874822b5a4d7cc","_requested":{"raw":"azure-functions-core-tools","scope":null,"escapedName":"azure-functions-core-tools","name":"azure-functions-core-tools","rawSpec":"","spec":"latest","type":"tag"},"_spec":"azure-functions-core-tools","_where":"/Users/allanpeng/pywren/pywrencode/pywren/pywrenazure","_args":[[{"raw":"azure-functions-core-tools","scope":null,"escapedName":"azure-functions-core-tools","name":"azure-functions-core-tools","rawSpec":"","spec":"latest","type":"tag"},"/Users/allanpeng/pywren/pywrencode/pywren/pywrenazure"]],"readme":"ERROR: No README data found!"} (current: {"os":"darwin","cpu":"x64"})
40 verbose stack     at checkPlatform (/usr/local/lib/node_modules/npm/node_modules/npm-install-checks/index.js:45:14)
40 verbose stack     at thenWarnEngineIssues (/usr/local/lib/node_modules/npm/lib/install/validate-args.js:41:5)
40 verbose stack     at /usr/local/lib/node_modules/npm/node_modules/iferr/index.js:13:50
40 verbose stack     at checkEngine (/usr/local/lib/node_modules/npm/node_modules/npm-install-checks/index.js:10:20)
40 verbose stack     at module.exports.isInstallable (/usr/local/lib/node_modules/npm/lib/install/validate-args.js:38:3)
40 verbose stack     at Array.<anonymous> (/usr/local/lib/node_modules/npm/node_modules/slide/lib/bind-actor.js:15:8)
40 verbose stack     at LOOP (/usr/local/lib/node_modules/npm/node_modules/slide/lib/chain.js:15:14)
40 verbose stack     at /usr/local/lib/node_modules/npm/node_modules/slide/lib/chain.js:18:7
40 verbose stack     at checkSelf (/usr/local/lib/node_modules/npm/lib/install/validate-args.js:46:72)
40 verbose stack     at Array.<anonymous> (/usr/local/lib/node_modules/npm/node_modules/slide/lib/bind-actor.js:15:8)
41 verbose pkgid azure-functions-core-tools@1.0.4
42 verbose cwd /Users/allanpeng/pywren/pywrencode/pywren/pywrenazure
43 error Darwin 16.3.0
44 error argv "/usr/local/bin/node" "/usr/local/bin/npm" "i" "-g" "azure-functions-core-tools"
45 error node v7.3.0
46 error npm  v3.10.10
47 error code EBADPLATFORM
48 error notsup Unsupported platform for azure-functions-core-tools@1.0.4: wanted {"os":"win32","arch":"any"} (current: {"os":"darwin","arch":"x64"})
49 error notsup Valid OS:    win32
49 error notsup Valid Arch:  any
49 error notsup Actual OS:   darwin
49 error notsup Actual Arch: x64
50 verbose exit [ 1, true ]
